2025-06-17 21:03:46,163 - INFO - Saved text for natm000000 to cl_st2_ph31_eyamrog\natm\natm000000.txt
2025-06-17 21:03:46,325 - INFO - Saved text for natm000001 to cl_st2_ph31_eyamrog\natm\natm000001.txt
2025-06-17 21:03:46,714 - INFO - Saved text for natm000002 to cl_st2_ph31_eyamrog\natm\natm000002.txt
2025-06-17 21:03:46,884 - INFO - Saved text for natm000003 to cl_st2_ph31_eyamrog\natm\natm000003.txt
2025-06-17 21:03:47,123 - INFO - Saved text for natm000004 to cl_st2_ph31_eyamrog\natm\natm000004.txt
2025-06-17 21:03:47,692 - INFO - Saved text for arph000000 to cl_st2_ph31_eyamrog\arph\arph000000.txt
2025-06-17 21:03:48,170 - INFO - Saved text for arph000001 to cl_st2_ph31_eyamrog\arph\arph000001.txt
2025-06-17 21:03:48,928 - INFO - Saved text for arph000002 to cl_st2_ph31_eyamrog\arph\arph000002.txt
2025-06-17 21:03:49,708 - INFO - Saved text for arph000003 to cl_st2_ph31_eyamrog\arph\arph000003.txt
2025-06-17 21:03:50,275 - INFO - Saved text for arph000004 to cl_st2_ph31_eyamrog\arph\arph000004.txt
2025-06-17 21:03:51,054 - INFO - Saved text for laph000000 to cl_st2_ph31_eyamrog\laph\laph000000.txt
2025-06-17 21:03:51,253 - INFO - Saved text for laph000001 to cl_st2_ph31_eyamrog\laph\laph000001.txt
2025-06-17 21:03:51,568 - INFO - Saved text for laph000002 to cl_st2_ph31_eyamrog\laph\laph000002.txt
2025-06-17 21:03:51,810 - INFO - Saved text for laph000003 to cl_st2_ph31_eyamrog\laph\laph000003.txt
2025-06-17 21:03:52,044 - INFO - Saved text for laph000004 to cl_st2_ph31_eyamrog\laph\laph000004.txt
2025-06-17 21:03:52,353 - INFO - Saved text for nejm000000 to cl_st2_ph31_eyamrog\nejm\nejm000000.txt
2025-06-17 21:03:52,511 - INFO - Saved text for nejm000001 to cl_st2_ph31_eyamrog\nejm\nejm000001.txt
2025-06-17 21:03:52,811 - INFO - Saved text for nejm000002 to cl_st2_ph31_eyamrog\nejm\nejm000002.txt
2025-06-17 21:03:53,000 - INFO - Saved text for nejm000003 to cl_st2_ph31_eyamrog\nejm\nejm000003.txt
2025-06-17 21:03:53,141 - INFO - Saved text for nejm000004 to cl_st2_ph31_eyamrog\nejm\nejm000004.txt
2025-06-17 21:03:53,795 - INFO - Saved text for cell000000 to cl_st2_ph31_eyamrog\cell\cell000000.txt
2025-06-17 21:03:54,143 - INFO - Saved text for cell000001 to cl_st2_ph31_eyamrog\cell\cell000001.txt
2025-06-17 21:03:54,628 - INFO - Saved text for cell000002 to cl_st2_ph31_eyamrog\cell\cell000002.txt
2025-06-17 21:03:55,049 - INFO - Saved text for cell000003 to cl_st2_ph31_eyamrog\cell\cell000003.txt
2025-06-17 21:03:55,435 - INFO - Saved text for cell000004 to cl_st2_ph31_eyamrog\cell\cell000004.txt
2025-06-17 21:03:55,778 - INFO - Saved text for ajhb000000 to cl_st2_ph31_eyamrog\ajhb\ajhb000000.txt
2025-06-17 21:03:56,019 - INFO - Saved text for ajhb000001 to cl_st2_ph31_eyamrog\ajhb\ajhb000001.txt
2025-06-17 21:03:56,251 - INFO - Saved text for ajhb000002 to cl_st2_ph31_eyamrog\ajhb\ajhb000002.txt
2025-06-17 21:03:56,509 - INFO - Saved text for ajhb000003 to cl_st2_ph31_eyamrog\ajhb\ajhb000003.txt
2025-06-17 21:03:56,664 - INFO - Saved text for ajhb000004 to cl_st2_ph31_eyamrog\ajhb\ajhb000004.txt
2025-06-17 21:03:56,953 - INFO - Saved text for aran000000 to cl_st2_ph31_eyamrog\aran\aran000000.txt
2025-06-17 21:03:57,254 - INFO - Saved text for aran000001 to cl_st2_ph31_eyamrog\aran\aran000001.txt
2025-06-17 21:03:57,658 - INFO - Saved text for aran000002 to cl_st2_ph31_eyamrog\aran\aran000002.txt
2025-06-17 21:03:58,310 - INFO - Saved text for aran000003 to cl_st2_ph31_eyamrog\aran\aran000003.txt
2025-06-17 21:03:58,963 - INFO - Saved text for aran000004 to cl_st2_ph31_eyamrog\aran\aran000004.txt
2025-06-17 21:03:59,286 - INFO - Saved text for jhue000000 to cl_st2_ph31_eyamrog\jhue\jhue000000.txt
2025-06-17 21:03:59,962 - INFO - Saved text for jhue000001 to cl_st2_ph31_eyamrog\jhue\jhue000001.txt
2025-06-17 21:04:00,201 - INFO - Saved text for jhue000002 to cl_st2_ph31_eyamrog\jhue\jhue000002.txt
2025-06-17 21:04:00,423 - INFO - Saved text for jhue000003 to cl_st2_ph31_eyamrog\jhue\jhue000003.txt
2025-06-17 21:04:00,766 - INFO - Saved text for jhue000004 to cl_st2_ph31_eyamrog\jhue\jhue000004.txt
2025-06-17 21:04:01,017 - INFO - Saved text for jasc000000 to cl_st2_ph31_eyamrog\jasc\jasc000000.txt
2025-06-17 21:04:01,175 - INFO - Saved text for jasc000001 to cl_st2_ph31_eyamrog\jasc\jasc000001.txt
2025-06-17 21:04:01,312 - INFO - Saved text for jasc000002 to cl_st2_ph31_eyamrog\jasc\jasc000002.txt
2025-06-17 21:04:01,456 - INFO - Saved text for jasc000003 to cl_st2_ph31_eyamrog\jasc\jasc000003.txt
2025-06-17 21:04:01,642 - INFO - Saved text for jasc000004 to cl_st2_ph31_eyamrog\jasc\jasc000004.txt
2025-06-17 21:04:02,096 - INFO - Saved text for jsoi000000 to cl_st2_ph31_eyamrog\jsoi\jsoi000000.txt
2025-06-17 21:04:02,232 - INFO - Saved text for jsoi000001 to cl_st2_ph31_eyamrog\jsoi\jsoi000001.txt
2025-06-17 21:04:02,347 - INFO - Saved text for jsoi000002 to cl_st2_ph31_eyamrog\jsoi\jsoi000002.txt
2025-06-17 21:04:02,597 - INFO - Saved text for jsoi000003 to cl_st2_ph31_eyamrog\jsoi\jsoi000003.txt
2025-06-17 21:04:02,801 - INFO - Saved text for jsoi000004 to cl_st2_ph31_eyamrog\jsoi\jsoi000004.txt
2025-06-17 21:04:03,208 - INFO - Saved text for socm000000 to cl_st2_ph31_eyamrog\socm\socm000000.txt
2025-06-17 21:04:03,412 - INFO - Saved text for socm000001 to cl_st2_ph31_eyamrog\socm\socm000001.txt
2025-06-17 21:04:03,535 - INFO - Saved text for socm000002 to cl_st2_ph31_eyamrog\socm\socm000002.txt
2025-06-17 21:04:03,679 - INFO - Saved text for socm000003 to cl_st2_ph31_eyamrog\socm\socm000003.txt
2025-06-17 21:04:03,850 - INFO - Saved text for socm000004 to cl_st2_ph31_eyamrog\socm\socm000004.txt
2025-06-17 21:04:04,202 - INFO - Saved text for apcl000000 to cl_st2_ph31_eyamrog\apcl\apcl000000.txt
2025-06-17 21:04:04,510 - INFO - Saved text for apcl000001 to cl_st2_ph31_eyamrog\apcl\apcl000001.txt
2025-06-17 21:04:04,633 - INFO - Saved text for apcl000002 to cl_st2_ph31_eyamrog\apcl\apcl000002.txt
2025-06-17 21:04:04,727 - INFO - Saved text for apcl000003 to cl_st2_ph31_eyamrog\apcl\apcl000003.txt
2025-06-17 21:04:04,853 - INFO - Saved text for apcl000004 to cl_st2_ph31_eyamrog\apcl\apcl000004.txt
2025-06-17 21:04:05,284 - INFO - Saved text for jenl000000 to cl_st2_ph31_eyamrog\jenl\jenl000000.txt
2025-06-17 21:04:05,467 - INFO - Saved text for jenl000001 to cl_st2_ph31_eyamrog\jenl\jenl000001.txt
2025-06-17 21:04:05,724 - INFO - Saved text for jenl000002 to cl_st2_ph31_eyamrog\jenl\jenl000002.txt
2025-06-17 21:04:06,019 - INFO - Saved text for jenl000003 to cl_st2_ph31_eyamrog\jenl\jenl000003.txt
2025-06-17 21:04:06,161 - INFO - Saved text for jenl000004 to cl_st2_ph31_eyamrog\jenl\jenl000004.txt
2025-06-20 08:15:42,700 - INFO - Saved text for corp000000 to cl_st2_ph31_eyamrog\corp\corp000000.txt
2025-06-20 08:15:42,729 - INFO - Saved text for corp000001 to cl_st2_ph31_eyamrog\corp\corp000001.txt
2025-06-20 08:15:42,758 - INFO - Saved text for corp000002 to cl_st2_ph31_eyamrog\corp\corp000002.txt
2025-06-20 08:15:42,789 - INFO - Saved text for corp000003 to cl_st2_ph31_eyamrog\corp\corp000003.txt
2025-06-20 08:15:42,870 - INFO - Saved text for corp000004 to cl_st2_ph31_eyamrog\corp\corp000004.txt
